ISim log file
Running: C:\Users\Domy\Desktop\Elaborato ASDI\Traccia 8\Es_8_IO\final_tb_isim_beh.exe -intstyle ise -gui -tclbatch isim.cmd -wdb C:/Users/Domy/Desktop/Elaborato ASDI/Traccia 8/Es_8_IO/final_tb_isim_beh.wdb 
ISim P.58f (signature 0x7708f090)
WARNING: A WEBPACK license was found.
WARNING: Please use Xilinx License Configuration Manager to check out a full ISim license.
WARNING: ISim will run in Lite mode. Please refer to the ISim documentation for more information on the differences between the Lite and the Full version.
This is a Lite version of ISim.
Time resolution is 1 ps
# onerror resume
# wave add /
# run 1000 ns
Simulator is doing circuit initialization process.
at 0 ps, Instance /final_tb/uut/processor/control_unit/ : Warning: NUMERIC_STD."<": metavalue detected, returning FALSE
at 0 ps, Instance /final_tb/uut/processor/control_unit/control_store/ : Warning: NUMERIC_STD.TO_INTEGER: metavalue detected, returning 0
at 0 ps, Instance /final_tb/uut/dp_ar_ram/ : Warning: NUMERIC_STD.TO_INTEGER: metavalue detected, returning 0
at 0 ps, Instance /final_tb/uut/dp_ar_ram/ : Warning: NUMERIC_STD.TO_INTEGER: metavalue detected, returning 0
at 0 ps, Instance /final_tb/uut/pwm/ : Warning: NUMERIC_STD."=": metavalue detected, returning FALSE
at 0 ps, Instance /final_tb/uut/pwm/ : Warning: NUMERIC_STD."=": metavalue detected, returning FALSE
at 0 ps, Instance /final_tb/uut/pwm/ : Warning: NUMERIC_STD."<": metavalue detected, returning FALSE
at 0 ps, Instance /final_tb/uut/pwm/ : Warning: NUMERIC_STD.TO_INTEGER: metavalue detected, returning 0
Finished circuit initialization process.
at 0 ps, Instance /final_tb/uut/dp_ar_ram/ : Warning: NUMERIC_STD.TO_INTEGER: metavalue detected, returning 0
at 2500 ps(4), Instance /final_tb/uut/processor/control_unit/control_store/ : Warning: NUMERIC_STD.TO_INTEGER: metavalue detected, returning 0
at 7500 ps(4), Instance /final_tb/uut/processor/control_unit/control_store/ : Warning: NUMERIC_STD.TO_INTEGER: metavalue detected, returning 0
at 7500 ps(5), Instance /final_tb/uut/processor/control_unit/control_store/ : Warning: NUMERIC_STD.TO_INTEGER: metavalue detected, returning 0
at 12500 ps(4), Instance /final_tb/uut/dp_ar_ram/ : Warning: NUMERIC_STD.TO_INTEGER: metavalue detected, returning 0
at 17500 ps(4), Instance /final_tb/uut/processor/control_unit/control_store/ : Warning: NUMERIC_STD.TO_INTEGER: metavalue detected, returning 0
ISim P.58f (signature 0x7708f090)
WARNING: A WEBPACK license was found.
WARNING: Please use Xilinx License Configuration Manager to check out a full ISim license.
WARNING: ISim will run in Lite mode. Please refer to the ISim documentation for more information on the differences between the Lite and the Full version.
This is a Lite version of ISim.
# run 1000 ns
Simulator is doing circuit initialization process.
at 0 ps, Instance /final_tb/uut/processor/control_unit/ : Warning: NUMERIC_STD."<": metavalue detected, returning FALSE
at 0 ps, Instance /final_tb/uut/processor/control_unit/control_store/ : Warning: NUMERIC_STD.TO_INTEGER: metavalue detected, returning 0
at 0 ps, Instance /final_tb/uut/dp_ar_ram/ : Warning: NUMERIC_STD.TO_INTEGER: metavalue detected, returning 0
at 0 ps, Instance /final_tb/uut/dp_ar_ram/ : Warning: NUMERIC_STD.TO_INTEGER: metavalue detected, returning 0
at 0 ps, Instance /final_tb/uut/pwm/ : Warning: NUMERIC_STD."=": metavalue detected, returning FALSE
at 0 ps, Instance /final_tb/uut/pwm/ : Warning: NUMERIC_STD."=": metavalue detected, returning FALSE
at 0 ps, Instance /final_tb/uut/pwm/ : Warning: NUMERIC_STD."<": metavalue detected, returning FALSE
at 0 ps, Instance /final_tb/uut/pwm/ : Warning: NUMERIC_STD.TO_INTEGER: metavalue detected, returning 0
Finished circuit initialization process.
at 0 ps, Instance /final_tb/uut/dp_ar_ram/ : Warning: NUMERIC_STD.TO_INTEGER: metavalue detected, returning 0
at 2500 ps(4), Instance /final_tb/uut/processor/control_unit/control_store/ : Warning: NUMERIC_STD.TO_INTEGER: metavalue detected, returning 0
at 7500 ps(4), Instance /final_tb/uut/processor/control_unit/control_store/ : Warning: NUMERIC_STD.TO_INTEGER: metavalue detected, returning 0
at 7500 ps(5), Instance /final_tb/uut/processor/control_unit/control_store/ : Warning: NUMERIC_STD.TO_INTEGER: metavalue detected, returning 0
at 12500 ps(4), Instance /final_tb/uut/dp_ar_ram/ : Warning: NUMERIC_STD.TO_INTEGER: metavalue detected, returning 0
at 17500 ps(4), Instance /final_tb/uut/processor/control_unit/control_store/ : Warning: NUMERIC_STD.TO_INTEGER: metavalue detected, returning 0
ISim P.58f (signature 0x7708f090)
WARNING: A WEBPACK license was found.
WARNING: Please use Xilinx License Configuration Manager to check out a full ISim license.
WARNING: ISim will run in Lite mode. Please refer to the ISim documentation for more information on the differences between the Lite and the Full version.
This is a Lite version of ISim.
# run 1000 ns
Simulator is doing circuit initialization process.
at 0 ps, Instance /final_tb/uut/processor/control_unit/ : Warning: NUMERIC_STD."<": metavalue detected, returning FALSE
at 0 ps, Instance /final_tb/uut/processor/control_unit/control_store/ : Warning: NUMERIC_STD.TO_INTEGER: metavalue detected, returning 0
at 0 ps, Instance /final_tb/uut/dp_ar_ram/ : Warning: NUMERIC_STD.TO_INTEGER: metavalue detected, returning 0
at 0 ps, Instance /final_tb/uut/dp_ar_ram/ : Warning: NUMERIC_STD.TO_INTEGER: metavalue detected, returning 0
at 0 ps, Instance /final_tb/uut/pwm/ : Warning: NUMERIC_STD."=": metavalue detected, returning FALSE
at 0 ps, Instance /final_tb/uut/pwm/ : Warning: NUMERIC_STD."=": metavalue detected, returning FALSE
at 0 ps, Instance /final_tb/uut/pwm/ : Warning: NUMERIC_STD."<": metavalue detected, returning FALSE
at 0 ps, Instance /final_tb/uut/pwm/ : Warning: NUMERIC_STD.TO_INTEGER: metavalue detected, returning 0
Finished circuit initialization process.
at 0 ps, Instance /final_tb/uut/dp_ar_ram/ : Warning: NUMERIC_STD.TO_INTEGER: metavalue detected, returning 0
at 2500 ps(4), Instance /final_tb/uut/processor/control_unit/control_store/ : Warning: NUMERIC_STD.TO_INTEGER: metavalue detected, returning 0
at 7500 ps(4), Instance /final_tb/uut/processor/control_unit/control_store/ : Warning: NUMERIC_STD.TO_INTEGER: metavalue detected, returning 0
at 7500 ps(5), Instance /final_tb/uut/processor/control_unit/control_store/ : Warning: NUMERIC_STD.TO_INTEGER: metavalue detected, returning 0
at 12500 ps(4), Instance /final_tb/uut/dp_ar_ram/ : Warning: NUMERIC_STD.TO_INTEGER: metavalue detected, returning 0
at 17500 ps(4), Instance /final_tb/uut/processor/control_unit/control_store/ : Warning: NUMERIC_STD.TO_INTEGER: metavalue detected, returning 0
