Command line:
   final_tb_isim_beh.exe
     -simmode  gui
     -simrunnum  0
     -socket  53794

Wed Mar 17 20:16:44 2021


 Elaboration Time: 0.046875 sec

 Current Memory Usage: 387.133 Meg

 Total Signals          : 147
 Total Nets             : 17975
 Total Signal Drivers   : 76
 Total Blocks           : 13
 Total Primitive Blocks : 8
 Total Processes        : 58
 Total Traceable Variables  : 62
 Total Scalar Nets and Variables : 37018
Total Line Count : 152

 Total Simulation Time: 0.125 sec

 Current Memory Usage: 387.133 Meg

Wed Mar 17 20:17:04 2021

