Command line:
   system_tb_isim_beh.exe
     -simmode  gui
     -simrunnum  0
     -socket  53773

Wed Mar 17 20:15:03 2021


 Elaboration Time: 0.03125 sec

 Current Memory Usage: 387.166 Meg

 Total Signals          : 147
 Total Nets             : 17975
 Total Signal Drivers   : 76
 Total Blocks           : 13
 Total Primitive Blocks : 8
 Total Processes        : 58
 Total Traceable Variables  : 62
 Total Scalar Nets and Variables : 37018
Total Line Count : 153

 Total Simulation Time: 0.109375 sec

 Current Memory Usage: 701.755 Meg

Wed Mar 17 20:15:33 2021

